2021-02-18 09:42:35 [Thread-8] INFO  o.s.s.c.ThreadPoolTaskExecutor -
				Shutting down ExecutorService 'applicationTaskExecutor'
2021-02-18 09:42:35 [Thread-8] INFO  o.s.o.j.LocalContainerEntityManagerFactoryBean -
				Closing JPA EntityManagerFactory for persistence unit 'default'
2021-02-18 09:42:35 [Thread-8] INFO  com.zaxxer.hikari.HikariDataSource -
				HikariPool-2 - Shutdown initiated...
2021-02-18 09:42:35 [Thread-8] INFO  com.zaxxer.hikari.HikariDataSource -
				HikariPool-2 - Shutdown completed.
2021-02-18 09:42:35 [restartedMain] INFO  com.au.AcharyaUniversityApplication -
				Starting AcharyaUniversityApplication using Java 15.0.1 on DESKTOP-E7L776E with PID 5652 (C:\Users\admin\git\Acharya_University\Acharya_University\target\classes started by admin in C:\Users\admin\git\Acharya_University\Acharya_University)
2021-02-18 09:42:35 [restartedMain] INFO  com.au.AcharyaUniversityApplication -
				No active profile set, falling back to default profiles: default
2021-02-18 09:42:36 [restartedMain] INFO  o.s.d.r.c.RepositoryConfigurationDelegate -
				Bootstrapping Spring Data JPA repositories in DEFAULT mode.
2021-02-18 09:42:36 [restartedMain] INFO  o.s.d.r.c.RepositoryConfigurationDelegate -
				Finished Spring Data repository scanning in 71 ms. Found 17 JPA repository interfaces.
2021-02-18 09:42:36 [restartedMain] INFO  o.s.c.s.PostProcessorRegistrationDelegate$BeanPostProcessorChecker -
				Bean 'org.springframework.security.access.expression.method.DefaultMethodSecurityExpressionHandler@64f848fe' of type [org.springframework.security.access.expression.method.DefaultMethodSecurityExpressionHandler] is not eligible for getting processed by all BeanPostProcessors (for example: not eligible for auto-proxying)
2021-02-18 09:42:36 [restartedMain] INFO  o.s.c.s.PostProcessorRegistrationDelegate$BeanPostProcessorChecker -
				Bean 'methodSecurityMetadataSource' of type [org.springframework.security.access.method.DelegatingMethodSecurityMetadataSource] is not eligible for getting processed by all BeanPostProcessors (for example: not eligible for auto-proxying)
2021-02-18 09:42:36 [restartedMain] INFO  o.s.b.w.e.tomcat.TomcatWebServer -
				Tomcat initialized with port(s): 8080 (http)
2021-02-18 09:42:36 [restartedMain] INFO  o.a.coyote.http11.Http11NioProtocol -
				Initializing ProtocolHandler ["http-nio-8080"]
2021-02-18 09:42:36 [restartedMain] INFO  o.a.catalina.core.StandardService -
				Starting service [Tomcat]
2021-02-18 09:42:36 [restartedMain] INFO  o.a.catalina.core.StandardEngine -
				Starting Servlet engine: [Apache Tomcat/9.0.41]
2021-02-18 09:42:36 [restartedMain] INFO  o.a.c.c.C.[Tomcat].[localhost].[/] -
				Initializing Spring embedded WebApplicationContext
2021-02-18 09:42:36 [restartedMain] INFO  o.s.b.w.s.c.ServletWebServerApplicationContext -
				Root WebApplicationContext: initialization completed in 900 ms
2021-02-18 09:42:36 [restartedMain] INFO  o.h.jpa.internal.util.LogHelper -
				HHH000204: Processing PersistenceUnitInfo [name: default]
2021-02-18 09:42:36 [restartedMain] INFO  com.zaxxer.hikari.HikariDataSource -
				HikariPool-3 - Starting...
2021-02-18 09:42:36 [restartedMain] INFO  com.zaxxer.hikari.HikariDataSource -
				HikariPool-3 - Start completed.
2021-02-18 09:42:36 [restartedMain] INFO  org.hibernate.dialect.Dialect -
				HHH000400: Using dialect: org.hibernate.dialect.MySQL8Dialect
2021-02-18 09:42:36 [restartedMain] INFO  org.hibernate.tuple.PojoInstantiator -
				HHH000182: No default (no-argument) constructor for class: com.au.model.Organization (class must be instantiated by Interceptor)
2021-02-18 09:42:36 [restartedMain] INFO  o.h.e.t.j.p.i.JtaPlatformInitiator -
				HHH000490: Using JtaPlatform implementation: [org.hibernate.engine.transaction.jta.platform.internal.NoJtaPlatform]
2021-02-18 09:42:36 [restartedMain] INFO  o.s.o.j.LocalContainerEntityManagerFactoryBean -
				Initialized JPA EntityManagerFactory for persistence unit 'default'
2021-02-18 09:42:37 [restartedMain] INFO  o.s.b.d.a.OptionalLiveReloadServer -
				LiveReload server is running on port 35729
2021-02-18 09:42:37 [restartedMain] WARN  o.s.b.a.o.j.JpaBaseConfiguration$JpaWebConfiguration -
				spring.jpa.open-in-view is enabled by default. Therefore, database queries may be performed during view rendering. Explicitly configure spring.jpa.open-in-view to disable this warning
2021-02-18 09:42:37 [restartedMain] INFO  o.s.s.web.DefaultSecurityFilterChain -
				Will secure Ant [pattern='/v2/api-docs'] with []
2021-02-18 09:42:37 [restartedMain] INFO  o.s.s.web.DefaultSecurityFilterChain -
				Will secure Ant [pattern='/configuration/ui'] with []
2021-02-18 09:42:37 [restartedMain] INFO  o.s.s.web.DefaultSecurityFilterChain -
				Will secure Ant [pattern='/swagger-resources/**'] with []
2021-02-18 09:42:37 [restartedMain] INFO  o.s.s.web.DefaultSecurityFilterChain -
				Will secure Ant [pattern='/configuration/security'] with []
2021-02-18 09:42:37 [restartedMain] INFO  o.s.s.web.DefaultSecurityFilterChain -
				Will secure Ant [pattern='/swagger-ui.html'] with []
2021-02-18 09:42:37 [restartedMain] INFO  o.s.s.web.DefaultSecurityFilterChain -
				Will secure Ant [pattern='/webjars/**'] with []
2021-02-18 09:42:37 [restartedMain] INFO  o.s.s.web.DefaultSecurityFilterChain -
				Will secure any request with [org.springframework.security.web.context.request.async.WebAsyncManagerIntegrationFilter@4e923559, org.springframework.security.web.context.SecurityContextPersistenceFilter@41519084, org.springframework.security.web.header.HeaderWriterFilter@6dc41920, org.springframework.security.web.authentication.logout.LogoutFilter@7099767f, com.au.config.JwtRequestFilter@463c987b, org.springframework.security.web.savedrequest.RequestCacheAwareFilter@69682f2f, org.springframework.security.web.servletapi.SecurityContextHolderAwareRequestFilter@24a8263b, org.springframework.security.web.authentication.AnonymousAuthenticationFilter@1952b22e, org.springframework.security.web.session.SessionManagementFilter@431e57f1, org.springframework.security.web.access.ExceptionTranslationFilter@28600e37, org.springframework.security.web.access.intercept.FilterSecurityInterceptor@2f49746a]
2021-02-18 09:42:37 [restartedMain] INFO  s.d.s.w.PropertySourcedRequestMappingHandlerMapping -
				Mapped URL path [/v2/api-docs] onto method [springfox.documentation.swagger2.web.Swagger2Controller#getDocumentation(String, HttpServletRequest)]
2021-02-18 09:42:37 [restartedMain] INFO  o.s.s.c.ThreadPoolTaskExecutor -
				Initializing ExecutorService 'applicationTaskExecutor'
2021-02-18 09:42:37 [restartedMain] INFO  o.a.coyote.http11.Http11NioProtocol -
				Starting ProtocolHandler ["http-nio-8080"]
2021-02-18 09:42:37 [restartedMain] INFO  o.s.b.w.e.tomcat.TomcatWebServer -
				Tomcat started on port(s): 8080 (http) with context path ''
2021-02-18 09:42:37 [restartedMain] INFO  s.d.s.w.p.DocumentationPluginsBootstrapper -
				Context refreshed
2021-02-18 09:42:37 [restartedMain] INFO  s.d.s.w.p.DocumentationPluginsBootstrapper -
				Found 1 custom documentation plugin(s)
2021-02-18 09:42:37 [restartedMain] INFO  s.d.s.w.s.ApiListingReferenceScanner -
				Scanning for api listing references
2021-02-18 09:42:37 [restartedMain] INFO  s.d.s.w.r.o.CachingOperationNameGenerator -
				Generating unique operation named: deleteUsingDELETE_1
2021-02-18 09:42:37 [restartedMain] INFO  s.d.s.w.r.o.CachingOperationNameGenerator -
				Generating unique operation named: getUsingGET_1
2021-02-18 09:42:37 [restartedMain] INFO  s.d.s.w.r.o.CachingOperationNameGenerator -
				Generating unique operation named: listAllUsingGET_1
2021-02-18 09:42:37 [restartedMain] INFO  s.d.s.w.r.o.CachingOperationNameGenerator -
				Generating unique operation named: updateUsingPUT_1
2021-02-18 09:42:37 [restartedMain] INFO  s.d.s.w.r.o.CachingOperationNameGenerator -
				Generating unique operation named: deleteUsingDELETE_2
2021-02-18 09:42:37 [restartedMain] INFO  s.d.s.w.r.o.CachingOperationNameGenerator -
				Generating unique operation named: getUsingGET_2
2021-02-18 09:42:38 [restartedMain] INFO  s.d.s.w.r.o.CachingOperationNameGenerator -
				Generating unique operation named: listAllUsingGET_2
2021-02-18 09:42:38 [restartedMain] INFO  s.d.s.w.r.o.CachingOperationNameGenerator -
				Generating unique operation named: saveCourseUsingPOST_1
2021-02-18 09:42:38 [restartedMain] INFO  s.d.s.w.r.o.CachingOperationNameGenerator -
				Generating unique operation named: updateUsingPUT_2
2021-02-18 09:42:38 [restartedMain] INFO  s.d.s.w.r.o.CachingOperationNameGenerator -
				Generating unique operation named: deleteUsingDELETE_3
2021-02-18 09:42:38 [restartedMain] INFO  s.d.s.w.r.o.CachingOperationNameGenerator -
				Generating unique operation named: getUsingGET_3
2021-02-18 09:42:38 [restartedMain] INFO  s.d.s.w.r.o.CachingOperationNameGenerator -
				Generating unique operation named: listAllUsingGET_3
2021-02-18 09:42:38 [restartedMain] INFO  s.d.s.w.r.o.CachingOperationNameGenerator -
				Generating unique operation named: updateUsingPUT_3
2021-02-18 09:42:38 [restartedMain] INFO  s.d.s.w.r.o.CachingOperationNameGenerator -
				Generating unique operation named: deleteUsingDELETE_4
2021-02-18 09:42:38 [restartedMain] INFO  s.d.s.w.r.o.CachingOperationNameGenerator -
				Generating unique operation named: getUsingGET_4
2021-02-18 09:42:38 [restartedMain] INFO  s.d.s.w.r.o.CachingOperationNameGenerator -
				Generating unique operation named: listAllUsingGET_4
2021-02-18 09:42:38 [restartedMain] INFO  s.d.s.w.r.o.CachingOperationNameGenerator -
				Generating unique operation named: saveCourseUsingPOST_2
2021-02-18 09:42:38 [restartedMain] INFO  s.d.s.w.r.o.CachingOperationNameGenerator -
				Generating unique operation named: updateUsingPUT_4
2021-02-18 09:42:38 [restartedMain] INFO  s.d.s.w.r.o.CachingOperationNameGenerator -
				Generating unique operation named: deleteUsingDELETE_5
2021-02-18 09:42:38 [restartedMain] INFO  s.d.s.w.r.o.CachingOperationNameGenerator -
				Generating unique operation named: getUsingGET_5
2021-02-18 09:42:38 [restartedMain] INFO  s.d.s.w.r.o.CachingOperationNameGenerator -
				Generating unique operation named: listAllUsingGET_5
2021-02-18 09:42:38 [restartedMain] INFO  s.d.s.w.r.o.CachingOperationNameGenerator -
				Generating unique operation named: saveCourseUsingPOST_3
2021-02-18 09:42:38 [restartedMain] INFO  s.d.s.w.r.o.CachingOperationNameGenerator -
				Generating unique operation named: updateUsingPUT_5
2021-02-18 09:42:38 [restartedMain] INFO  s.d.s.w.r.o.CachingOperationNameGenerator -
				Generating unique operation named: deleteUsingDELETE_6
2021-02-18 09:42:38 [restartedMain] INFO  s.d.s.w.r.o.CachingOperationNameGenerator -
				Generating unique operation named: getUsingGET_6
2021-02-18 09:42:38 [restartedMain] INFO  s.d.s.w.r.o.CachingOperationNameGenerator -
				Generating unique operation named: updateUsingPUT_6
2021-02-18 09:42:38 [restartedMain] INFO  s.d.s.w.r.o.CachingOperationNameGenerator -
				Generating unique operation named: deleteUsingDELETE_7
2021-02-18 09:42:38 [restartedMain] INFO  s.d.s.w.r.o.CachingOperationNameGenerator -
				Generating unique operation named: getUsingGET_7
2021-02-18 09:42:38 [restartedMain] INFO  s.d.s.w.r.o.CachingOperationNameGenerator -
				Generating unique operation named: listAllUsingGET_6
2021-02-18 09:42:38 [restartedMain] INFO  s.d.s.w.r.o.CachingOperationNameGenerator -
				Generating unique operation named: saveCourseUsingPOST_4
2021-02-18 09:42:38 [restartedMain] INFO  s.d.s.w.r.o.CachingOperationNameGenerator -
				Generating unique operation named: updateUsingPUT_7
2021-02-18 09:42:38 [restartedMain] INFO  s.d.s.w.r.o.CachingOperationNameGenerator -
				Generating unique operation named: deleteUsingDELETE_8
2021-02-18 09:42:38 [restartedMain] INFO  s.d.s.w.r.o.CachingOperationNameGenerator -
				Generating unique operation named: getUsingGET_8
2021-02-18 09:42:38 [restartedMain] INFO  s.d.s.w.r.o.CachingOperationNameGenerator -
				Generating unique operation named: listAllUsingGET_7
2021-02-18 09:42:38 [restartedMain] INFO  s.d.s.w.r.o.CachingOperationNameGenerator -
				Generating unique operation named: saveCourseUsingPOST_5
2021-02-18 09:42:38 [restartedMain] INFO  s.d.s.w.r.o.CachingOperationNameGenerator -
				Generating unique operation named: updateUsingPUT_8
2021-02-18 09:42:38 [restartedMain] INFO  s.d.s.w.r.o.CachingOperationNameGenerator -
				Generating unique operation named: deleteUsingDELETE_9
2021-02-18 09:42:38 [restartedMain] INFO  s.d.s.w.r.o.CachingOperationNameGenerator -
				Generating unique operation named: getUsingGET_9
2021-02-18 09:42:38 [restartedMain] INFO  s.d.s.w.r.o.CachingOperationNameGenerator -
				Generating unique operation named: listAllUsingGET_8
2021-02-18 09:42:38 [restartedMain] INFO  s.d.s.w.r.o.CachingOperationNameGenerator -
				Generating unique operation named: saveCourseUsingPOST_6
2021-02-18 09:42:38 [restartedMain] INFO  s.d.s.w.r.o.CachingOperationNameGenerator -
				Generating unique operation named: updateUsingPUT_9
2021-02-18 09:42:38 [restartedMain] INFO  s.d.s.w.r.o.CachingOperationNameGenerator -
				Generating unique operation named: deleteUsingDELETE_10
2021-02-18 09:42:38 [restartedMain] INFO  s.d.s.w.r.o.CachingOperationNameGenerator -
				Generating unique operation named: getUsingGET_10
2021-02-18 09:42:38 [restartedMain] INFO  s.d.s.w.r.o.CachingOperationNameGenerator -
				Generating unique operation named: listAllUsingGET_9
2021-02-18 09:42:38 [restartedMain] INFO  s.d.s.w.r.o.CachingOperationNameGenerator -
				Generating unique operation named: saveCourseUsingPOST_7
2021-02-18 09:42:38 [restartedMain] INFO  s.d.s.w.r.o.CachingOperationNameGenerator -
				Generating unique operation named: updateUsingPUT_10
2021-02-18 09:42:38 [restartedMain] INFO  s.d.s.w.r.o.CachingOperationNameGenerator -
				Generating unique operation named: deleteUsingDELETE_11
2021-02-18 09:42:38 [restartedMain] INFO  s.d.s.w.r.o.CachingOperationNameGenerator -
				Generating unique operation named: getUsingGET_11
2021-02-18 09:42:38 [restartedMain] INFO  s.d.s.w.r.o.CachingOperationNameGenerator -
				Generating unique operation named: listAllUsingGET_10
2021-02-18 09:42:38 [restartedMain] INFO  s.d.s.w.r.o.CachingOperationNameGenerator -
				Generating unique operation named: saveCourseUsingPOST_8
2021-02-18 09:42:38 [restartedMain] INFO  s.d.s.w.r.o.CachingOperationNameGenerator -
				Generating unique operation named: updateUsingPUT_11
2021-02-18 09:42:38 [restartedMain] INFO  s.d.s.w.r.o.CachingOperationNameGenerator -
				Generating unique operation named: deleteUsingDELETE_12
2021-02-18 09:42:38 [restartedMain] INFO  s.d.s.w.r.o.CachingOperationNameGenerator -
				Generating unique operation named: getUsingGET_12
2021-02-18 09:42:38 [restartedMain] INFO  s.d.s.w.r.o.CachingOperationNameGenerator -
				Generating unique operation named: listAllUsingGET_11
2021-02-18 09:42:38 [restartedMain] INFO  s.d.s.w.r.o.CachingOperationNameGenerator -
				Generating unique operation named: saveCourseUsingPOST_9
2021-02-18 09:42:38 [restartedMain] INFO  s.d.s.w.r.o.CachingOperationNameGenerator -
				Generating unique operation named: updateUsingPUT_12
2021-02-18 09:42:38 [restartedMain] INFO  s.d.s.w.r.o.CachingOperationNameGenerator -
				Generating unique operation named: deleteUsingDELETE_13
2021-02-18 09:42:38 [restartedMain] INFO  s.d.s.w.r.o.CachingOperationNameGenerator -
				Generating unique operation named: getUsingGET_13
2021-02-18 09:42:38 [restartedMain] INFO  s.d.s.w.r.o.CachingOperationNameGenerator -
				Generating unique operation named: listAllUsingGET_12
2021-02-18 09:42:38 [restartedMain] INFO  s.d.s.w.r.o.CachingOperationNameGenerator -
				Generating unique operation named: saveCourseUsingPOST_10
2021-02-18 09:42:38 [restartedMain] INFO  s.d.s.w.r.o.CachingOperationNameGenerator -
				Generating unique operation named: updateUsingPUT_13
2021-02-18 09:42:38 [restartedMain] INFO  s.d.s.w.r.o.CachingOperationNameGenerator -
				Generating unique operation named: deleteUsingDELETE_14
2021-02-18 09:42:38 [restartedMain] INFO  s.d.s.w.r.o.CachingOperationNameGenerator -
				Generating unique operation named: getUsingGET_14
2021-02-18 09:42:38 [restartedMain] INFO  s.d.s.w.r.o.CachingOperationNameGenerator -
				Generating unique operation named: listAllUsingGET_13
2021-02-18 09:42:38 [restartedMain] INFO  s.d.s.w.r.o.CachingOperationNameGenerator -
				Generating unique operation named: saveCourseUsingPOST_11
2021-02-18 09:42:38 [restartedMain] INFO  s.d.s.w.r.o.CachingOperationNameGenerator -
				Generating unique operation named: updateUsingPUT_14
2021-02-18 09:42:38 [restartedMain] INFO  s.d.s.w.r.o.CachingOperationNameGenerator -
				Generating unique operation named: deleteUsingDELETE_15
2021-02-18 09:42:38 [restartedMain] INFO  s.d.s.w.r.o.CachingOperationNameGenerator -
				Generating unique operation named: getUsingGET_15
2021-02-18 09:42:38 [restartedMain] INFO  s.d.s.w.r.o.CachingOperationNameGenerator -
				Generating unique operation named: listAllUsingGET_14
2021-02-18 09:42:38 [restartedMain] INFO  s.d.s.w.r.o.CachingOperationNameGenerator -
				Generating unique operation named: saveCourseUsingPOST_12
2021-02-18 09:42:38 [restartedMain] INFO  s.d.s.w.r.o.CachingOperationNameGenerator -
				Generating unique operation named: updateUsingPUT_15
2021-02-18 09:42:38 [restartedMain] INFO  com.au.AcharyaUniversityApplication -
				Started AcharyaUniversityApplication in 2.609 seconds (JVM running for 86507.807)
2021-02-18 09:42:38 [restartedMain] INFO  o.s.b.d.a.ConditionEvaluationDeltaLoggingListener -
				Condition evaluation unchanged
2021-02-18 09:42:38 [RMI TCP Connection(1451)-127.0.0.1] INFO  o.s.b.a.SpringApplicationAdminMXBeanRegistrar$SpringApplicationAdmin -
				Application shutdown requested.
2021-02-18 09:42:38 [RMI TCP Connection(1451)-127.0.0.1] INFO  o.s.s.c.ThreadPoolTaskExecutor -
				Shutting down ExecutorService 'applicationTaskExecutor'
2021-02-18 09:42:38 [RMI TCP Connection(1451)-127.0.0.1] INFO  o.s.o.j.LocalContainerEntityManagerFactoryBean -
				Closing JPA EntityManagerFactory for persistence unit 'default'
2021-02-18 09:42:38 [RMI TCP Connection(1451)-127.0.0.1] INFO  com.zaxxer.hikari.HikariDataSource -
				HikariPool-3 - Shutdown initiated...
2021-02-18 09:42:38 [RMI TCP Connection(1451)-127.0.0.1] INFO  com.zaxxer.hikari.HikariDataSource -
				HikariPool-3 - Shutdown completed.
2021-02-18 09:43:24 [background-preinit] INFO  o.h.validator.internal.util.Version -
				HV000001: Hibernate Validator 6.1.7.Final
2021-02-18 09:43:24 [restartedMain] INFO  com.au.AcharyaUniversityApplication -
				Starting AcharyaUniversityApplication using Java 15.0.1 on DESKTOP-E7L776E with PID 7492 (C:\Users\admin\git\Acharya_University\Acharya_University\target\classes started by admin in C:\Users\admin\git\Acharya_University\Acharya_University)
2021-02-18 09:43:24 [restartedMain] INFO  com.au.AcharyaUniversityApplication -
				No active profile set, falling back to default profiles: default
2021-02-18 09:43:24 [restartedMain] INFO  o.s.b.d.e.DevToolsPropertyDefaultsPostProcessor -
				Devtools property defaults active! Set 'spring.devtools.add-properties' to 'false' to disable
2021-02-18 09:43:24 [restartedMain] INFO  o.s.b.d.e.DevToolsPropertyDefaultsPostProcessor -
				For additional web related logging consider setting the 'logging.level.web' property to 'DEBUG'
2021-02-18 09:43:25 [restartedMain] INFO  o.s.d.r.c.RepositoryConfigurationDelegate -
				Bootstrapping Spring Data JPA repositories in DEFAULT mode.
2021-02-18 09:43:25 [restartedMain] INFO  o.s.d.r.c.RepositoryConfigurationDelegate -
				Finished Spring Data repository scanning in 127 ms. Found 17 JPA repository interfaces.
2021-02-18 09:43:25 [restartedMain] INFO  o.s.c.s.PostProcessorRegistrationDelegate$BeanPostProcessorChecker -
				Bean 'org.springframework.security.access.expression.method.DefaultMethodSecurityExpressionHandler@3e7e4e3c' of type [org.springframework.security.access.expression.method.DefaultMethodSecurityExpressionHandler] is not eligible for getting processed by all BeanPostProcessors (for example: not eligible for auto-proxying)
2021-02-18 09:43:25 [restartedMain] INFO  o.s.c.s.PostProcessorRegistrationDelegate$BeanPostProcessorChecker -
				Bean 'methodSecurityMetadataSource' of type [org.springframework.security.access.method.DelegatingMethodSecurityMetadataSource] is not eligible for getting processed by all BeanPostProcessors (for example: not eligible for auto-proxying)
2021-02-18 09:43:26 [restartedMain] INFO  o.s.b.w.e.tomcat.TomcatWebServer -
				Tomcat initialized with port(s): 8080 (http)
2021-02-18 09:43:26 [restartedMain] INFO  o.a.coyote.http11.Http11NioProtocol -
				Initializing ProtocolHandler ["http-nio-8080"]
2021-02-18 09:43:26 [restartedMain] INFO  o.a.catalina.core.StandardService -
				Starting service [Tomcat]
2021-02-18 09:43:26 [restartedMain] INFO  o.a.catalina.core.StandardEngine -
				Starting Servlet engine: [Apache Tomcat/9.0.41]
2021-02-18 09:43:26 [restartedMain] INFO  o.a.c.c.C.[Tomcat].[localhost].[/] -
				Initializing Spring embedded WebApplicationContext
2021-02-18 09:43:26 [restartedMain] INFO  o.s.b.w.s.c.ServletWebServerApplicationContext -
				Root WebApplicationContext: initialization completed in 2124 ms
2021-02-18 09:43:26 [restartedMain] INFO  o.h.jpa.internal.util.LogHelper -
				HHH000204: Processing PersistenceUnitInfo [name: default]
2021-02-18 09:43:26 [restartedMain] INFO  org.hibernate.Version -
				HHH000412: Hibernate ORM core version 5.4.27.Final
2021-02-18 09:43:27 [restartedMain] INFO  o.h.annotations.common.Version -
				HCANN000001: Hibernate Commons Annotations {5.1.2.Final}
2021-02-18 09:43:27 [restartedMain] INFO  com.zaxxer.hikari.HikariDataSource -
				HikariPool-1 - Starting...
2021-02-18 09:43:27 [restartedMain] INFO  com.zaxxer.hikari.HikariDataSource -
				HikariPool-1 - Start completed.
2021-02-18 09:43:27 [restartedMain] INFO  org.hibernate.dialect.Dialect -
				HHH000400: Using dialect: org.hibernate.dialect.MySQL8Dialect
2021-02-18 09:43:28 [restartedMain] INFO  org.hibernate.tuple.PojoInstantiator -
				HHH000182: No default (no-argument) constructor for class: com.au.model.Organization (class must be instantiated by Interceptor)
2021-02-18 09:43:28 [restartedMain] INFO  o.h.e.t.j.p.i.JtaPlatformInitiator -
				HHH000490: Using JtaPlatform implementation: [org.hibernate.engine.transaction.jta.platform.internal.NoJtaPlatform]
2021-02-18 09:43:28 [restartedMain] INFO  o.s.o.j.LocalContainerEntityManagerFactoryBean -
				Initialized JPA EntityManagerFactory for persistence unit 'default'
2021-02-18 09:43:29 [restartedMain] INFO  o.s.b.d.a.OptionalLiveReloadServer -
				LiveReload server is running on port 35729
2021-02-18 09:43:29 [restartedMain] WARN  o.s.b.a.o.j.JpaBaseConfiguration$JpaWebConfiguration -
				spring.jpa.open-in-view is enabled by default. Therefore, database queries may be performed during view rendering. Explicitly configure spring.jpa.open-in-view to disable this warning
2021-02-18 09:43:30 [restartedMain] INFO  o.s.s.web.DefaultSecurityFilterChain -
				Will secure Ant [pattern='/v2/api-docs'] with []
2021-02-18 09:43:30 [restartedMain] INFO  o.s.s.web.DefaultSecurityFilterChain -
				Will secure Ant [pattern='/configuration/ui'] with []
2021-02-18 09:43:30 [restartedMain] INFO  o.s.s.web.DefaultSecurityFilterChain -
				Will secure Ant [pattern='/swagger-resources/**'] with []
2021-02-18 09:43:30 [restartedMain] INFO  o.s.s.web.DefaultSecurityFilterChain -
				Will secure Ant [pattern='/configuration/security'] with []
2021-02-18 09:43:30 [restartedMain] INFO  o.s.s.web.DefaultSecurityFilterChain -
				Will secure Ant [pattern='/swagger-ui.html'] with []
2021-02-18 09:43:30 [restartedMain] INFO  o.s.s.web.DefaultSecurityFilterChain -
				Will secure Ant [pattern='/webjars/**'] with []
2021-02-18 09:43:30 [restartedMain] INFO  o.s.s.web.DefaultSecurityFilterChain -
				Will secure any request with [org.springframework.security.web.context.request.async.WebAsyncManagerIntegrationFilter@7140cc24, org.springframework.security.web.context.SecurityContextPersistenceFilter@6d1849eb, org.springframework.security.web.header.HeaderWriterFilter@7e8a8873, org.springframework.security.web.authentication.logout.LogoutFilter@960eb39, com.au.config.JwtRequestFilter@d513fea, org.springframework.security.web.savedrequest.RequestCacheAwareFilter@12eff329, org.springframework.security.web.servletapi.SecurityContextHolderAwareRequestFilter@4abc9f12, org.springframework.security.web.authentication.AnonymousAuthenticationFilter@29a90570, org.springframework.security.web.session.SessionManagementFilter@134c4009, org.springframework.security.web.access.ExceptionTranslationFilter@4094596c, org.springframework.security.web.access.intercept.FilterSecurityInterceptor@5181260a]
2021-02-18 09:43:31 [restartedMain] INFO  s.d.s.w.PropertySourcedRequestMappingHandlerMapping -
				Mapped URL path [/v2/api-docs] onto method [springfox.documentation.swagger2.web.Swagger2Controller#getDocumentation(String, HttpServletRequest)]
2021-02-18 09:43:31 [restartedMain] INFO  o.s.s.c.ThreadPoolTaskExecutor -
				Initializing ExecutorService 'applicationTaskExecutor'
2021-02-18 09:43:31 [restartedMain] INFO  o.a.coyote.http11.Http11NioProtocol -
				Starting ProtocolHandler ["http-nio-8080"]
2021-02-18 09:43:31 [restartedMain] INFO  o.s.b.w.e.tomcat.TomcatWebServer -
				Tomcat started on port(s): 8080 (http) with context path ''
2021-02-18 09:43:31 [restartedMain] INFO  s.d.s.w.p.DocumentationPluginsBootstrapper -
				Context refreshed
2021-02-18 09:43:31 [restartedMain] INFO  s.d.s.w.p.DocumentationPluginsBootstrapper -
				Found 1 custom documentation plugin(s)
2021-02-18 09:43:31 [restartedMain] INFO  s.d.s.w.s.ApiListingReferenceScanner -
				Scanning for api listing references
2021-02-18 09:43:31 [restartedMain] INFO  s.d.s.w.r.o.CachingOperationNameGenerator -
				Generating unique operation named: deleteUsingDELETE_1
2021-02-18 09:43:31 [restartedMain] INFO  s.d.s.w.r.o.CachingOperationNameGenerator -
				Generating unique operation named: getUsingGET_1
2021-02-18 09:43:31 [restartedMain] INFO  s.d.s.w.r.o.CachingOperationNameGenerator -
				Generating unique operation named: listAllUsingGET_1
2021-02-18 09:43:31 [restartedMain] INFO  s.d.s.w.r.o.CachingOperationNameGenerator -
				Generating unique operation named: updateUsingPUT_1
2021-02-18 09:43:31 [restartedMain] INFO  s.d.s.w.r.o.CachingOperationNameGenerator -
				Generating unique operation named: deleteUsingDELETE_2
2021-02-18 09:43:31 [restartedMain] INFO  s.d.s.w.r.o.CachingOperationNameGenerator -
				Generating unique operation named: getUsingGET_2
2021-02-18 09:43:31 [restartedMain] INFO  s.d.s.w.r.o.CachingOperationNameGenerator -
				Generating unique operation named: listAllUsingGET_2
2021-02-18 09:43:31 [restartedMain] INFO  s.d.s.w.r.o.CachingOperationNameGenerator -
				Generating unique operation named: saveCourseUsingPOST_1
2021-02-18 09:43:31 [restartedMain] INFO  s.d.s.w.r.o.CachingOperationNameGenerator -
				Generating unique operation named: updateUsingPUT_2
2021-02-18 09:43:31 [restartedMain] INFO  s.d.s.w.r.o.CachingOperationNameGenerator -
				Generating unique operation named: deleteUsingDELETE_3
2021-02-18 09:43:31 [restartedMain] INFO  s.d.s.w.r.o.CachingOperationNameGenerator -
				Generating unique operation named: getUsingGET_3
2021-02-18 09:43:31 [restartedMain] INFO  s.d.s.w.r.o.CachingOperationNameGenerator -
				Generating unique operation named: listAllUsingGET_3
2021-02-18 09:43:31 [restartedMain] INFO  s.d.s.w.r.o.CachingOperationNameGenerator -
				Generating unique operation named: updateUsingPUT_3
2021-02-18 09:43:31 [restartedMain] INFO  s.d.s.w.r.o.CachingOperationNameGenerator -
				Generating unique operation named: deleteUsingDELETE_4
2021-02-18 09:43:31 [restartedMain] INFO  s.d.s.w.r.o.CachingOperationNameGenerator -
				Generating unique operation named: getUsingGET_4
2021-02-18 09:43:31 [restartedMain] INFO  s.d.s.w.r.o.CachingOperationNameGenerator -
				Generating unique operation named: listAllUsingGET_4
2021-02-18 09:43:31 [restartedMain] INFO  s.d.s.w.r.o.CachingOperationNameGenerator -
				Generating unique operation named: saveCourseUsingPOST_2
2021-02-18 09:43:31 [restartedMain] INFO  s.d.s.w.r.o.CachingOperationNameGenerator -
				Generating unique operation named: updateUsingPUT_4
2021-02-18 09:43:31 [restartedMain] INFO  s.d.s.w.r.o.CachingOperationNameGenerator -
				Generating unique operation named: deleteUsingDELETE_5
2021-02-18 09:43:31 [restartedMain] INFO  s.d.s.w.r.o.CachingOperationNameGenerator -
				Generating unique operation named: getUsingGET_5
2021-02-18 09:43:31 [restartedMain] INFO  s.d.s.w.r.o.CachingOperationNameGenerator -
				Generating unique operation named: listAllUsingGET_5
2021-02-18 09:43:31 [restartedMain] INFO  s.d.s.w.r.o.CachingOperationNameGenerator -
				Generating unique operation named: saveCourseUsingPOST_3
2021-02-18 09:43:31 [restartedMain] INFO  s.d.s.w.r.o.CachingOperationNameGenerator -
				Generating unique operation named: updateUsingPUT_5
2021-02-18 09:43:31 [restartedMain] INFO  s.d.s.w.r.o.CachingOperationNameGenerator -
				Generating unique operation named: deleteUsingDELETE_6
2021-02-18 09:43:31 [restartedMain] INFO  s.d.s.w.r.o.CachingOperationNameGenerator -
				Generating unique operation named: getUsingGET_6
2021-02-18 09:43:31 [restartedMain] INFO  s.d.s.w.r.o.CachingOperationNameGenerator -
				Generating unique operation named: updateUsingPUT_6
2021-02-18 09:43:31 [restartedMain] INFO  s.d.s.w.r.o.CachingOperationNameGenerator -
				Generating unique operation named: deleteUsingDELETE_7
2021-02-18 09:43:31 [restartedMain] INFO  s.d.s.w.r.o.CachingOperationNameGenerator -
				Generating unique operation named: getUsingGET_7
2021-02-18 09:43:31 [restartedMain] INFO  s.d.s.w.r.o.CachingOperationNameGenerator -
				Generating unique operation named: listAllUsingGET_6
2021-02-18 09:43:31 [restartedMain] INFO  s.d.s.w.r.o.CachingOperationNameGenerator -
				Generating unique operation named: saveCourseUsingPOST_4
2021-02-18 09:43:31 [restartedMain] INFO  s.d.s.w.r.o.CachingOperationNameGenerator -
				Generating unique operation named: updateUsingPUT_7
2021-02-18 09:43:31 [restartedMain] INFO  s.d.s.w.r.o.CachingOperationNameGenerator -
				Generating unique operation named: deleteUsingDELETE_8
2021-02-18 09:43:31 [restartedMain] INFO  s.d.s.w.r.o.CachingOperationNameGenerator -
				Generating unique operation named: getUsingGET_8
2021-02-18 09:43:31 [restartedMain] INFO  s.d.s.w.r.o.CachingOperationNameGenerator -
				Generating unique operation named: listAllUsingGET_7
2021-02-18 09:43:31 [restartedMain] INFO  s.d.s.w.r.o.CachingOperationNameGenerator -
				Generating unique operation named: saveCourseUsingPOST_5
2021-02-18 09:43:31 [restartedMain] INFO  s.d.s.w.r.o.CachingOperationNameGenerator -
				Generating unique operation named: updateUsingPUT_8
2021-02-18 09:43:31 [restartedMain] INFO  s.d.s.w.r.o.CachingOperationNameGenerator -
				Generating unique operation named: deleteUsingDELETE_9
2021-02-18 09:43:31 [restartedMain] INFO  s.d.s.w.r.o.CachingOperationNameGenerator -
				Generating unique operation named: getUsingGET_9
2021-02-18 09:43:31 [restartedMain] INFO  s.d.s.w.r.o.CachingOperationNameGenerator -
				Generating unique operation named: listAllUsingGET_8
2021-02-18 09:43:31 [restartedMain] INFO  s.d.s.w.r.o.CachingOperationNameGenerator -
				Generating unique operation named: saveCourseUsingPOST_6
2021-02-18 09:43:31 [restartedMain] INFO  s.d.s.w.r.o.CachingOperationNameGenerator -
				Generating unique operation named: updateUsingPUT_9
2021-02-18 09:43:31 [restartedMain] INFO  s.d.s.w.r.o.CachingOperationNameGenerator -
				Generating unique operation named: deleteUsingDELETE_10
2021-02-18 09:43:31 [restartedMain] INFO  s.d.s.w.r.o.CachingOperationNameGenerator -
				Generating unique operation named: getUsingGET_10
2021-02-18 09:43:31 [restartedMain] INFO  s.d.s.w.r.o.CachingOperationNameGenerator -
				Generating unique operation named: listAllUsingGET_9
2021-02-18 09:43:31 [restartedMain] INFO  s.d.s.w.r.o.CachingOperationNameGenerator -
				Generating unique operation named: saveCourseUsingPOST_7
2021-02-18 09:43:31 [restartedMain] INFO  s.d.s.w.r.o.CachingOperationNameGenerator -
				Generating unique operation named: updateUsingPUT_10
2021-02-18 09:43:31 [restartedMain] INFO  s.d.s.w.r.o.CachingOperationNameGenerator -
				Generating unique operation named: deleteUsingDELETE_11
2021-02-18 09:43:31 [restartedMain] INFO  s.d.s.w.r.o.CachingOperationNameGenerator -
				Generating unique operation named: getUsingGET_11
2021-02-18 09:43:31 [restartedMain] INFO  s.d.s.w.r.o.CachingOperationNameGenerator -
				Generating unique operation named: listAllUsingGET_10
2021-02-18 09:43:31 [restartedMain] INFO  s.d.s.w.r.o.CachingOperationNameGenerator -
				Generating unique operation named: saveCourseUsingPOST_8
2021-02-18 09:43:31 [restartedMain] INFO  s.d.s.w.r.o.CachingOperationNameGenerator -
				Generating unique operation named: updateUsingPUT_11
2021-02-18 09:43:31 [restartedMain] INFO  s.d.s.w.r.o.CachingOperationNameGenerator -
				Generating unique operation named: deleteUsingDELETE_12
2021-02-18 09:43:31 [restartedMain] INFO  s.d.s.w.r.o.CachingOperationNameGenerator -
				Generating unique operation named: getUsingGET_12
2021-02-18 09:43:31 [restartedMain] INFO  s.d.s.w.r.o.CachingOperationNameGenerator -
				Generating unique operation named: listAllUsingGET_11
2021-02-18 09:43:31 [restartedMain] INFO  s.d.s.w.r.o.CachingOperationNameGenerator -
				Generating unique operation named: saveCourseUsingPOST_9
2021-02-18 09:43:31 [restartedMain] INFO  s.d.s.w.r.o.CachingOperationNameGenerator -
				Generating unique operation named: updateUsingPUT_12
2021-02-18 09:43:31 [restartedMain] INFO  s.d.s.w.r.o.CachingOperationNameGenerator -
				Generating unique operation named: deleteUsingDELETE_13
2021-02-18 09:43:31 [restartedMain] INFO  s.d.s.w.r.o.CachingOperationNameGenerator -
				Generating unique operation named: getUsingGET_13
2021-02-18 09:43:31 [restartedMain] INFO  s.d.s.w.r.o.CachingOperationNameGenerator -
				Generating unique operation named: listAllUsingGET_12
2021-02-18 09:43:31 [restartedMain] INFO  s.d.s.w.r.o.CachingOperationNameGenerator -
				Generating unique operation named: saveCourseUsingPOST_10
2021-02-18 09:43:31 [restartedMain] INFO  s.d.s.w.r.o.CachingOperationNameGenerator -
				Generating unique operation named: updateUsingPUT_13
2021-02-18 09:43:31 [restartedMain] INFO  s.d.s.w.r.o.CachingOperationNameGenerator -
				Generating unique operation named: deleteUsingDELETE_14
2021-02-18 09:43:31 [restartedMain] INFO  s.d.s.w.r.o.CachingOperationNameGenerator -
				Generating unique operation named: getUsingGET_14
2021-02-18 09:43:31 [restartedMain] INFO  s.d.s.w.r.o.CachingOperationNameGenerator -
				Generating unique operation named: listAllUsingGET_13
2021-02-18 09:43:31 [restartedMain] INFO  s.d.s.w.r.o.CachingOperationNameGenerator -
				Generating unique operation named: saveCourseUsingPOST_11
2021-02-18 09:43:31 [restartedMain] INFO  s.d.s.w.r.o.CachingOperationNameGenerator -
				Generating unique operation named: updateUsingPUT_14
2021-02-18 09:43:31 [restartedMain] INFO  s.d.s.w.r.o.CachingOperationNameGenerator -
				Generating unique operation named: deleteUsingDELETE_15
2021-02-18 09:43:31 [restartedMain] INFO  s.d.s.w.r.o.CachingOperationNameGenerator -
				Generating unique operation named: getUsingGET_15
2021-02-18 09:43:32 [restartedMain] INFO  s.d.s.w.r.o.CachingOperationNameGenerator -
				Generating unique operation named: listAllUsingGET_14
2021-02-18 09:43:32 [restartedMain] INFO  s.d.s.w.r.o.CachingOperationNameGenerator -
				Generating unique operation named: saveCourseUsingPOST_12
2021-02-18 09:43:32 [restartedMain] INFO  s.d.s.w.r.o.CachingOperationNameGenerator -
				Generating unique operation named: updateUsingPUT_15
2021-02-18 09:43:32 [restartedMain] INFO  com.au.AcharyaUniversityApplication -
				Started AcharyaUniversityApplication in 8.183 seconds (JVM running for 11.806)
